# JRE version: Java(TM) SE Runtime Environment (8.0_31-b13) (build 1.8.0_31-b13)
# Java VM: Java HotSpot(TM) 64-Bit Server VM (25.31-b07 mixed mode windows-amd64 compressed oops)
Heap:
 PSYoungGen      total 34816K, used 1058K [0x00000000eb580000, 0x00000000ee400000, 0x0000000100000000)
  eden space 33792K, 3% used [0x00000000eb580000,0x00000000eb688a88,0x00000000ed680000)
  from space 1024K, 0% used [0x00000000ee300000,0x00000000ee300000,0x00000000ee400000)
  to   space 5632K, 0% used [0x00000000ed900000,0x00000000ed900000,0x00000000ede80000)
 ParOldGen       total 38912K, used 10714K [0x00000000c2000000, 0x00000000c4600000, 0x00000000eb580000)
  object space 38912K, 27% used [0x00000000c2000000,0x00000000c2a76ab8,0x00000000c4600000)
 Metaspace       used 21232K, capacity 21604K, committed 21936K, reserved 1069056K
  class space    used 2597K, capacity 2740K, committed 2816K, reserved 1048576K
GC Heap History (10 events):
Event: 20.691 GC heap before
{Heap before GC invocations=10 (full 0):
 PSYoungGen      total 21504K, used 19072K [0x00000000eb580000, 0x00000000ed980000, 0x0000000100000000)
  eden space 15872K, 100% used [0x00000000eb580000,0x00000000ec500000,0x00000000ec500000)
  from space 5632K, 56% used [0x00000000ec500000,0x00000000ec820000,0x00000000eca80000)
  to   space 5632K, 0% used [0x00000000ed400000,0x00000000ed400000,0x00000000ed980000)
 ParOldGen       total 42496K, used 9427K [0x00000000c2000000, 0x00000000c4980000, 0x00000000eb580000)
  object space 42496K, 22% used [0x00000000c2000000,0x00000000c2934cd0,0x00000000c4980000)
 Metaspace       used 19251K, capacity 19592K, committed 19712K, reserved 1067008K
  class space    used 2350K, capacity 2480K, committed 2560K, reserved 1048576K
Event: 20.719 GC heap after
Heap after GC invocations=10 (full 0):
 PSYoungGen      total 31232K, used 3540K [0x00000000eb580000, 0x00000000ed980000, 0x0000000100000000)
  eden space 25600K, 0% used [0x00000000eb580000,0x00000000eb580000,0x00000000ece80000)
  from space 5632K, 62% used [0x00000000ed400000,0x00000000ed775168,0x00000000ed980000)
  to   space 5632K, 0% used [0x00000000ece80000,0x00000000ece80000,0x00000000ed400000)
 ParOldGen       total 42496K, used 11291K [0x00000000c2000000, 0x00000000c4980000, 0x00000000eb580000)
  object space 42496K, 26% used [0x00000000c2000000,0x00000000c2b06cd0,0x00000000c4980000)
 Metaspace       used 19251K, capacity 19592K, committed 19712K, reserved 1067008K
  class space    used 2350K, capacity 2480K, committed 2560K, reserved 1048576K
}
Event: 22.067 GC heap before
{Heap before GC invocations=11 (full 0):
 PSYoungGen      total 31232K, used 16366K [0x00000000eb580000, 0x00000000ed980000, 0x0000000100000000)
  eden space 25600K, 50% used [0x00000000eb580000,0x00000000ec206928,0x00000000ece80000)
  from space 5632K, 62% used [0x00000000ed400000,0x00000000ed775168,0x00000000ed980000)
  to   space 5632K, 0% used [0x00000000ece80000,0x00000000ece80000,0x00000000ed400000)
 ParOldGen       total 42496K, used 11291K [0x00000000c2000000, 0x00000000c4980000, 0x00000000eb580000)
  object space 42496K, 26% used [0x00000000c2000000,0x00000000c2b06cd0,0x00000000c4980000)
 Metaspace       used 20765K, capacity 21158K, committed 21296K, reserved 1069056K
  class space    used 2525K, capacity 2677K, committed 2688K, reserved 1048576K
Event: 22.084 GC heap after
Heap after GC invocations=11 (full 0):
 PSYoungGen      total 31232K, used 3219K [0x00000000eb580000, 0x00000000ee880000, 0x0000000100000000)
  eden space 25600K, 0% used [0x00000000eb580000,0x00000000eb580000,0x00000000ece80000)
  from space 5632K, 57% used [0x00000000ece80000,0x00000000ed1a4d00,0x00000000ed400000)
  to   space 5632K, 0% used [0x00000000ee300000,0x00000000ee300000,0x00000000ee880000)
 ParOldGen       total 42496K, used 13439K [0x00000000c2000000, 0x00000000c4980000, 0x00000000eb580000)
  object space 42496K, 31% used [0x00000000c2000000,0x00000000c2d1fd50,0x00000000c4980000)
 Metaspace       used 20765K, capacity 21158K, committed 21296K, reserved 1069056K
  class space    used 2525K, capacity 2677K, committed 2688K, reserved 1048576K
}
Event: 22.084 GC heap before
{Heap before GC invocations=12 (full 1):
 PSYoungGen      total 31232K, used 3219K [0x00000000eb580000, 0x00000000ee880000, 0x0000000100000000)
  eden space 25600K, 0% used [0x00000000eb580000,0x00000000eb580000,0x00000000ece80000)
  from space 5632K, 57% used [0x00000000ece80000,0x00000000ed1a4d00,0x00000000ed400000)
  to   space 5632K, 0% used [0x00000000ee300000,0x00000000ee300000,0x00000000ee880000)
 ParOldGen       total 42496K, used 13439K [0x00000000c2000000, 0x00000000c4980000, 0x00000000eb580000)
  object space 42496K, 31% used [0x00000000c2000000,0x00000000c2d1fd50,0x00000000c4980000)
 Metaspace       used 20765K, capacity 21158K, committed 21296K, reserved 1069056K
  class space    used 2525K, capacity 2677K, committed 2688K, reserved 1048576K
Event: 22.328 GC heap after
Heap after GC invocations=12 (full 1):
 PSYoungGen      total 31232K, used 0K [0x00000000eb580000, 0x00000000ee880000, 0x0000000100000000)
  eden space 25600K, 0% used [0x00000000eb580000,0x00000000eb580000,0x00000000ece80000)
  from space 5632K, 0% used [0x00000000ece80000,0x00000000ece80000,0x00000000ed400000)
  to   space 5632K, 0% used [0x00000000ee300000,0x00000000ee300000,0x00000000ee880000)
 ParOldGen       total 38912K, used 11735K [0x00000000c2000000, 0x00000000c4600000, 0x00000000eb580000)
  object space 38912K, 30% used [0x00000000c2000000,0x00000000c2b75c18,0x00000000c4600000)
 Metaspace       used 20763K, capacity 21156K, committed 21296K, reserved 1069056K
  class space    used 2524K, capacity 2676K, committed 2688K, reserved 1048576K
}
Event: 24.176 GC heap before
{Heap before GC invocations=13 (full 1):
 PSYoungGen      total 31232K, used 5252K [0x00000000eb580000, 0x00000000ee880000, 0x0000000100000000)
  eden space 25600K, 20% used [0x00000000eb580000,0x00000000ebaa1338,0x00000000ece80000)
  from space 5632K, 0% used [0x00000000ece80000,0x00000000ece80000,0x00000000ed400000)
  to   space 5632K, 0% used [0x00000000ee300000,0x00000000ee300000,0x00000000ee880000)
 ParOldGen       total 38912K, used 11735K [0x00000000c2000000, 0x00000000c4600000, 0x00000000eb580000)
  object space 38912K, 30% used [0x00000000c2000000,0x00000000c2b75c18,0x00000000c4600000)
 Metaspace       used 21220K, capacity 21604K, committed 21936K, reserved 1069056K
  class space    used 2596K, capacity 2740K, committed 2816K, reserved 1048576K
Event: 24.180 GC heap after
Heap after GC invocations=13 (full 1):
 PSYoungGen      total 34816K, used 592K [0x00000000eb580000, 0x00000000ee400000, 0x0000000100000000)
  eden space 33792K, 0% used [0x00000000eb580000,0x00000000eb580000,0x00000000ed680000)
  from space 1024K, 57% used [0x00000000ee300000,0x00000000ee3942f0,0x00000000ee400000)
  to   space 5632K, 0% used [0x00000000ed900000,0x00000000ed900000,0x00000000ede80000)
 ParOldGen       total 38912K, used 11743K [0x00000000c2000000, 0x00000000c4600000, 0x00000000eb580000)
  object space 38912K, 30% used [0x00000000c2000000,0x00000000c2b77c18,0x00000000c4600000)
 Metaspace       used 21220K, capacity 21604K, committed 21936K, reserved 1069056K
  class space    used 2596K, capacity 2740K, committed 2816K, reserved 1048576K
}
Event: 24.180 GC heap before
{Heap before GC invocations=14 (full 2):
 PSYoungGen      total 34816K, used 592K [0x00000000eb580000, 0x00000000ee400000, 0x0000000100000000)
  eden space 33792K, 0% used [0x00000000eb580000,0x00000000eb580000,0x00000000ed680000)
  from space 1024K, 57% used [0x00000000ee300000,0x00000000ee3942f0,0x00000000ee400000)
  to   space 5632K, 0% used [0x00000000ed900000,0x00000000ed900000,0x00000000ede80000)
 ParOldGen       total 38912K, used 11743K [0x00000000c2000000, 0x00000000c4600000, 0x00000000eb580000)
  object space 38912K, 30% used [0x00000000c2000000,0x00000000c2b77c18,0x00000000c4600000)
 Metaspace       used 21220K, capacity 21604K, committed 21936K, reserved 1069056K
  class space    used 2596K, capacity 2740K, committed 2816K, reserved 1048576K
Event: 24.527 GC heap after
Heap after GC invocations=14 (full 2):
 PSYoungGen      total 34816K, used 0K [0x00000000eb580000, 0x00000000ee400000, 0x0000000100000000)
  eden space 33792K, 0% used [0x00000000eb580000,0x00000000eb580000,0x00000000ed680000)
  from space 1024K, 0% used [0x00000000ee300000,0x00000000ee300000,0x00000000ee400000)
  to   space 5632K, 0% used [0x00000000ed900000,0x00000000ed900000,0x00000000ede80000)
 ParOldGen       total 38912K, used 10714K [0x00000000c2000000, 0x00000000c4600000, 0x00000000eb580000)
  object space 38912K, 27% used [0x00000000c2000000,0x00000000c2a76ab8,0x00000000c4600000)
 Metaspace       used 21220K, capacity 21604K, committed 21936K, reserved 1069056K
  class space    used 2596K, capacity 2740K, committed 2816K, reserved 1048576K
}

